[2025-12-12T06:08:49.183+0000] {local_task_job_runner.py:120} INFO - ::group::Pre task execution logs
[2025-12-12T06:08:49.763+0000] {taskinstance.py:2076} INFO - Dependencies all met for dep_context=non-requeueable deps ti=<TaskInstance: medallion_crypto_pipeline.bronze_extraction scheduled__2025-12-11T00:00:00+00:00 [queued]>
[2025-12-12T06:08:49.879+0000] {taskinstance.py:2076} INFO - Dependencies all met for dep_context=requeueable deps ti=<TaskInstance: medallion_crypto_pipeline.bronze_extraction scheduled__2025-12-11T00:00:00+00:00 [queued]>
[2025-12-12T06:08:49.906+0000] {taskinstance.py:2306} INFO - Starting attempt 1 of 3
[2025-12-12T06:08:49.999+0000] {taskinstance.py:2330} INFO - Executing <Task(_PythonDecoratedOperator): bronze_extraction> on 2025-12-11 00:00:00+00:00
[2025-12-12T06:08:50.191+0000] {standard_task_runner.py:90} INFO - Running: ['***', 'tasks', 'run', 'medallion_crypto_pipeline', 'bronze_extraction', 'scheduled__2025-12-11T00:00:00+00:00', '--job-id', '9', '--raw', '--subdir', 'DAGS_FOLDER/medallion_crypto_dag.py', '--cfg-path', '/tmp/tmpiodoq0yp']
[2025-12-12T06:08:50.196+0000] {logging_mixin.py:188} WARNING - /home/***/.local/lib/python3.12/site-packages/***/task/task_runner/standard_task_runner.py:61 DeprecationWarning: This process (pid=722) is multi-threaded, use of fork() may lead to deadlocks in the child.
[2025-12-12T06:08:50.255+0000] {standard_task_runner.py:91} INFO - Job 9: Subtask bronze_extraction
[2025-12-12T06:08:50.323+0000] {standard_task_runner.py:63} INFO - Started process 727 to run task
[2025-12-12T06:08:50.499+0000] {logging_mixin.py:188} WARNING - /home/***/.local/lib/python3.12/site-packages/***/settings.py:195 DeprecationWarning: The sql_alchemy_conn option in [core] has been moved to the sql_alchemy_conn option in [database] - the old setting has been used, but please update your config.
[2025-12-12T06:08:53.927+0000] {task_command.py:426} INFO - Running <TaskInstance: medallion_crypto_pipeline.bronze_extraction scheduled__2025-12-11T00:00:00+00:00 [running]> on host 7b770ee7e2a1
[2025-12-12T06:08:54.422+0000] {taskinstance.py:2648} INFO - Exporting env vars: AIRFLOW_CTX_DAG_OWNER='data_engineer' AIRFLOW_CTX_DAG_ID='medallion_crypto_pipeline' AIRFLOW_CTX_TASK_ID='bronze_extraction' AIRFLOW_CTX_EXECUTION_DATE='2025-12-11T00:00:00+00:00' AIRFLOW_CTX_TRY_NUMBER='1' AIRFLOW_CTX_DAG_RUN_ID='scheduled__2025-12-11T00:00:00+00:00'
[2025-12-12T06:08:54.425+0000] {taskinstance.py:430} INFO - ::endgroup::
[2025-12-12T06:08:54.435+0000] {medallion_crypto_dag.py:38} INFO - Starting Bronze extraction for date: 2025-12-11
[2025-12-12T06:08:54.454+0000] {bronze_extract.py:31} INFO - [2025-12-11] Starting Bronze Extraction with Config...
[2025-12-12T06:08:54.487+0000] {bronze_extract.py:45} INFO - Extracting coins: bitcoin,ethereum,cardano,solana | VS: usd
[2025-12-12T06:08:54.489+0000] {bronze_extract.py:46} INFO - Rate limit: Sleep 1.2s between requests
[2025-12-12T06:08:54.870+0000] {bronze_extract.py:53} ERROR - API Extraction failed: HTTPSConnectionPool(host='api.coingecko.com', port=443): Max retries exceeded with url: /api/v3/simple/price?ids=bitcoin%2Cethereum%2Ccardano%2Csolana&vs_currencies=usd (Caused by NameResolutionError("<urllib3.connection.HTTPSConnection object at 0x7b8be3051400>: Failed to resolve 'api.coingecko.com' ([Errno -2] Name or service not known)"))
[2025-12-12T06:08:54.873+0000] {taskinstance.py:441} INFO - ::group::Post task execution logs
[2025-12-12T06:08:54.878+0000] {taskinstance.py:2905} ERROR - Task failed with exception
Traceback (most recent call last):
  File "/home/airflow/.local/lib/python3.12/site-packages/urllib3/connection.py", line 198, in _new_conn
    sock = connection.create_connection(
           ^^^^^^^^^^^^^^^^^^^^^^^^^^^^^
  File "/home/airflow/.local/lib/python3.12/site-packages/urllib3/util/connection.py", line 60, in create_connection
    for res in socket.getaddrinfo(host, port, family, socket.SOCK_STREAM):
               ^^^^^^^^^^^^^^^^^^^^^^^^^^^^^^^^^^^^^^^^^^^^^^^^^^^^^^^^^^
  File "/usr/local/lib/python3.12/socket.py", line 963, in getaddrinfo
    for res in _socket.getaddrinfo(host, port, family, type, proto, flags):
               ^^^^^^^^^^^^^^^^^^^^^^^^^^^^^^^^^^^^^^^^^^^^^^^^^^^^^^^^^^^
socket.gaierror: [Errno -2] Name or service not known

The above exception was the direct cause of the following exception:

Traceback (most recent call last):
  File "/home/airflow/.local/lib/python3.12/site-packages/urllib3/connectionpool.py", line 793, in urlopen
    response = self._make_request(
               ^^^^^^^^^^^^^^^^^^^
  File "/home/airflow/.local/lib/python3.12/site-packages/urllib3/connectionpool.py", line 491, in _make_request
    raise new_e
  File "/home/airflow/.local/lib/python3.12/site-packages/urllib3/connectionpool.py", line 467, in _make_request
    self._validate_conn(conn)
  File "/home/airflow/.local/lib/python3.12/site-packages/urllib3/connectionpool.py", line 1099, in _validate_conn
    conn.connect()
  File "/home/airflow/.local/lib/python3.12/site-packages/urllib3/connection.py", line 616, in connect
    self.sock = sock = self._new_conn()
                       ^^^^^^^^^^^^^^^^
  File "/home/airflow/.local/lib/python3.12/site-packages/urllib3/connection.py", line 205, in _new_conn
    raise NameResolutionError(self.host, self, e) from e
urllib3.exceptions.NameResolutionError: <urllib3.connection.HTTPSConnection object at 0x7b8be3051400>: Failed to resolve 'api.coingecko.com' ([Errno -2] Name or service not known)

The above exception was the direct cause of the following exception:

Traceback (most recent call last):
  File "/home/airflow/.local/lib/python3.12/site-packages/requests/adapters.py", line 486, in send
    resp = conn.urlopen(
           ^^^^^^^^^^^^^
  File "/home/airflow/.local/lib/python3.12/site-packages/urllib3/connectionpool.py", line 847, in urlopen
    retries = retries.increment(
              ^^^^^^^^^^^^^^^^^^
  File "/home/airflow/.local/lib/python3.12/site-packages/urllib3/util/retry.py", line 515, in increment
    raise MaxRetryError(_pool, url, reason) from reason  # type: ignore[arg-type]
    ^^^^^^^^^^^^^^^^^^^^^^^^^^^^^^^^^^^^^^^^^^^^^^^^^^^
urllib3.exceptions.MaxRetryError: HTTPSConnectionPool(host='api.coingecko.com', port=443): Max retries exceeded with url: /api/v3/simple/price?ids=bitcoin%2Cethereum%2Ccardano%2Csolana&vs_currencies=usd (Caused by NameResolutionError("<urllib3.connection.HTTPSConnection object at 0x7b8be3051400>: Failed to resolve 'api.coingecko.com' ([Errno -2] Name or service not known)"))

During handling of the above exception, another exception occurred:

Traceback (most recent call last):
  File "/home/airflow/.local/lib/python3.12/site-packages/airflow/models/taskinstance.py", line 465, in _execute_task
    result = _execute_callable(context=context, **execute_callable_kwargs)
             ^^^^^^^^^^^^^^^^^^^^^^^^^^^^^^^^^^^^^^^^^^^^^^^^^^^^^^^^^^^^^
  File "/home/airflow/.local/lib/python3.12/site-packages/airflow/models/taskinstance.py", line 432, in _execute_callable
    return execute_callable(context=context, **execute_callable_kwargs)
           ^^^^^^^^^^^^^^^^^^^^^^^^^^^^^^^^^^^^^^^^^^^^^^^^^^^^^^^^^^^^
  File "/home/airflow/.local/lib/python3.12/site-packages/airflow/models/baseoperator.py", line 400, in wrapper
    return func(self, *args, **kwargs)
           ^^^^^^^^^^^^^^^^^^^^^^^^^^^
  File "/home/airflow/.local/lib/python3.12/site-packages/airflow/decorators/base.py", line 265, in execute
    return_value = super().execute(context)
                   ^^^^^^^^^^^^^^^^^^^^^^^^
  File "/home/airflow/.local/lib/python3.12/site-packages/airflow/models/baseoperator.py", line 400, in wrapper
    return func(self, *args, **kwargs)
           ^^^^^^^^^^^^^^^^^^^^^^^^^^^
  File "/home/airflow/.local/lib/python3.12/site-packages/airflow/operators/python.py", line 235, in execute
    return_value = self.execute_callable()
                   ^^^^^^^^^^^^^^^^^^^^^^^
  File "/home/airflow/.local/lib/python3.12/site-packages/airflow/operators/python.py", line 252, in execute_callable
    return self.python_callable(*self.op_args, **self.op_kwargs)
           ^^^^^^^^^^^^^^^^^^^^^^^^^^^^^^^^^^^^^^^^^^^^^^^^^^^^^
  File "/opt/airflow/dags/medallion_crypto_dag.py", line 39, in run_bronze_extract
    result = extract_and_load_bronze(ds)
             ^^^^^^^^^^^^^^^^^^^^^^^^^^^
  File "/opt/airflow/scripts/bronze_extract.py", line 49, in extract_and_load_bronze
    response = requests.get(url, params=params)
               ^^^^^^^^^^^^^^^^^^^^^^^^^^^^^^^^
  File "/home/airflow/.local/lib/python3.12/site-packages/requests/api.py", line 73, in get
    return request("get", url, params=params, **kwargs)
           ^^^^^^^^^^^^^^^^^^^^^^^^^^^^^^^^^^^^^^^^^^^^
  File "/home/airflow/.local/lib/python3.12/site-packages/requests/api.py", line 59, in request
    return session.request(method=method, url=url, **kwargs)
           ^^^^^^^^^^^^^^^^^^^^^^^^^^^^^^^^^^^^^^^^^^^^^^^^^
  File "/home/airflow/.local/lib/python3.12/site-packages/requests/sessions.py", line 589, in request
    resp = self.send(prep, **send_kwargs)
           ^^^^^^^^^^^^^^^^^^^^^^^^^^^^^^
  File "/home/airflow/.local/lib/python3.12/site-packages/requests/sessions.py", line 703, in send
    r = adapter.send(request, **kwargs)
        ^^^^^^^^^^^^^^^^^^^^^^^^^^^^^^^
  File "/home/airflow/.local/lib/python3.12/site-packages/requests/adapters.py", line 519, in send
    raise ConnectionError(e, request=request)
requests.exceptions.ConnectionError: HTTPSConnectionPool(host='api.coingecko.com', port=443): Max retries exceeded with url: /api/v3/simple/price?ids=bitcoin%2Cethereum%2Ccardano%2Csolana&vs_currencies=usd (Caused by NameResolutionError("<urllib3.connection.HTTPSConnection object at 0x7b8be3051400>: Failed to resolve 'api.coingecko.com' ([Errno -2] Name or service not known)"))
[2025-12-12T06:08:55.049+0000] {taskinstance.py:1206} INFO - Marking task as UP_FOR_RETRY. dag_id=medallion_crypto_pipeline, task_id=bronze_extraction, run_id=scheduled__2025-12-11T00:00:00+00:00, execution_date=20251211T000000, start_date=20251212T060849, end_date=20251212T060855
[2025-12-12T06:08:55.115+0000] {standard_task_runner.py:110} ERROR - Failed to execute job 9 for task bronze_extraction (HTTPSConnectionPool(host='api.coingecko.com', port=443): Max retries exceeded with url: /api/v3/simple/price?ids=bitcoin%2Cethereum%2Ccardano%2Csolana&vs_currencies=usd (Caused by NameResolutionError("<urllib3.connection.HTTPSConnection object at 0x7b8be3051400>: Failed to resolve 'api.coingecko.com' ([Errno -2] Name or service not known)")); 727)
[2025-12-12T06:08:55.191+0000] {local_task_job_runner.py:240} INFO - Task exited with return code 1
[2025-12-12T06:08:56.076+0000] {taskinstance.py:3498} INFO - 0 downstream tasks scheduled from follow-on schedule check
[2025-12-12T06:08:56.094+0000] {local_task_job_runner.py:222} INFO - ::endgroup::
